\BOOKMARK [1][-]{section.1}{\376\377\0001\000.\000\040\000I\000n\000t\000r\000o\000d\000u\000c\000t\000i\000o\000n}{}% 1
\BOOKMARK [1][-]{section.2}{\376\377\000D\000a\000t\000a\000\040\000P\000r\000e\000p\000a\000r\000a\000t\000i\000o\000n\000\040\000a\000n\000d\000\040\000O\000v\000e\000r\000v\000i\000e\000w}{}% 2
\BOOKMARK [2][-]{subsection.2.1}{\376\377\000L\000o\000a\000d\000i\000n\000g\000\040\000a\000n\000d\000\040\000I\000n\000s\000p\000e\000c\000t\000i\000n\000g\000\040\000t\000h\000e\000\040\000D\000a\000t\000a\000s\000e\000t}{section.2}% 3
\BOOKMARK [2][-]{subsection.2.2}{\376\377\000S\000t\000a\000t\000i\000s\000t\000i\000c\000a\000l\000\040\000S\000u\000m\000m\000a\000r\000y}{section.2}% 4
\BOOKMARK [2][-]{subsection.2.3}{\376\377\000D\000a\000t\000e\000\040\000F\000o\000r\000m\000a\000t\000t\000i\000n\000g}{section.2}% 5
\BOOKMARK [1][-]{section.3}{\376\377\000C\000u\000s\000t\000o\000m\000e\000r\000\040\000B\000e\000h\000a\000v\000i\000o\000r\000\040\000A\000n\000a\000l\000y\000s\000i\000s}{}% 6
\BOOKMARK [2][-]{subsection.3.1}{\376\377\000C\000u\000s\000t\000o\000m\000e\000r\000\040\000P\000u\000r\000c\000h\000a\000s\000e\000\040\000F\000r\000e\000q\000u\000e\000n\000c\000y}{section.3}% 7
\BOOKMARK [2][-]{subsection.3.2}{\376\377\000T\000o\000p\000\040\000C\000u\000s\000t\000o\000m\000e\000r\000s}{section.3}% 8
\BOOKMARK [2][-]{subsection.3.3}{\376\377\000R\000F\000M\000\040\000A\000n\000a\000l\000y\000s\000i\000s}{section.3}% 9
\BOOKMARK [2][-]{subsection.3.4}{\376\377\000C\000u\000s\000t\000o\000m\000e\000r\000\040\000R\000e\000t\000e\000n\000t\000i\000o\000n\000\040\000a\000n\000d\000\040\000C\000h\000u\000r\000n}{section.3}% 10
\BOOKMARK [1][-]{section.4}{\376\377\000S\000a\000l\000e\000s\000\040\000T\000r\000e\000n\000d\000s\000\040\000A\000n\000a\000l\000y\000s\000i\000s}{}% 11
\BOOKMARK [2][-]{subsection.4.1}{\376\377\000T\000i\000m\000e\000-\000b\000a\000s\000e\000d\000\040\000T\000r\000e\000n\000d\000s}{section.4}% 12
\BOOKMARK [2][-]{subsection.4.2}{\376\377\000P\000e\000a\000k\000\040\000S\000a\000l\000e\000s\000\040\000P\000e\000r\000i\000o\000d\000s}{section.4}% 13
\BOOKMARK [2][-]{subsection.4.3}{\376\377\000Y\000e\000a\000r\000-\000o\000v\000e\000r\000-\000Y\000e\000a\000r\000\040\000G\000r\000o\000w\000t\000h}{section.4}% 14
\BOOKMARK [2][-]{subsection.4.4}{\376\377\000A\000v\000e\000r\000a\000g\000e\000\040\000O\000r\000d\000e\000r\000\040\000V\000a\000l\000u\000e\000\040\000\050\000A\000O\000V\000\051}{section.4}% 15
\BOOKMARK [1][-]{section.5}{\376\377\000S\000K\000U\000\040\000P\000e\000r\000f\000o\000r\000m\000a\000n\000c\000e\000\040\000A\000n\000a\000l\000y\000s\000i\000s}{}% 16
\BOOKMARK [2][-]{subsection.5.1}{\376\377\000T\000o\000p\000-\000S\000e\000l\000l\000i\000n\000g\000\040\000S\000K\000U\000s}{section.5}% 17
\BOOKMARK [2][-]{subsection.5.2}{\376\377\000S\000K\000U\000\040\000D\000i\000v\000e\000r\000s\000i\000t\000y}{section.5}% 18
\BOOKMARK [2][-]{subsection.5.3}{\376\377\000A\000B\000C\000\040\000A\000n\000a\000l\000y\000s\000i\000s}{section.5}% 19
\BOOKMARK [2][-]{subsection.5.4}{\376\377\000P\000u\000r\000c\000h\000a\000s\000e\000\040\000P\000a\000t\000t\000e\000r\000n\000s}{section.5}% 20
\BOOKMARK [1][-]{section.6}{\376\377\000O\000r\000d\000e\000r\000\040\000A\000n\000a\000l\000y\000s\000i\000s}{}% 21
\BOOKMARK [2][-]{subsection.6.1}{\376\377\000O\000r\000d\000e\000r\000\040\000S\000i\000z\000e\000s}{section.6}% 22
\BOOKMARK [2][-]{subsection.6.2}{\376\377\000R\000e\000l\000a\000t\000i\000o\000n\000s\000h\000i\000p\000\040\000B\000e\000t\000w\000e\000e\000n\000\040\000O\000r\000d\000e\000r\000\040\000S\000i\000z\000e\000\040\000a\000n\000d\000\040\000G\000M\000V}{section.6}% 23
\BOOKMARK [2][-]{subsection.6.3}{\376\377\000M\000u\000l\000t\000i\000-\000i\000t\000e\000m\000\040\000O\000r\000d\000e\000r\000s}{section.6}% 24
\BOOKMARK [1][-]{section.7}{\376\377\000C\000o\000h\000o\000r\000t\000\040\000A\000n\000a\000l\000y\000s\000i\000s}{}% 25
\BOOKMARK [2][-]{subsection.7.1}{\376\377\000C\000u\000s\000t\000o\000m\000e\000r\000\040\000C\000o\000h\000o\000r\000t\000s}{section.7}% 26
\BOOKMARK [2][-]{subsection.7.2}{\376\377\000C\000o\000h\000o\000r\000t\000\040\000R\000e\000t\000e\000n\000t\000i\000o\000n}{section.7}% 27
\BOOKMARK [1][-]{section.8}{\376\377\000G\000e\000o\000g\000r\000a\000p\000h\000i\000c\000\040\000A\000n\000a\000l\000y\000s\000i\000s}{}% 28
\BOOKMARK [1][-]{section.9}{\376\377\000T\000i\000m\000e\000-\000b\000a\000s\000e\000d\000\040\000A\000n\000a\000l\000y\000s\000i\000s}{}% 29
\BOOKMARK [2][-]{subsection.9.1}{\376\377\000O\000r\000d\000e\000r\000\040\000P\000a\000t\000t\000e\000r\000n\000s\000\040\000b\000y\000\040\000D\000a\000y\000\040\000a\000n\000d\000\040\000T\000i\000m\000e}{section.9}% 30
\BOOKMARK [2][-]{subsection.9.2}{\376\377\000P\000r\000o\000m\000o\000t\000i\000o\000n\000\040\000O\000p\000p\000o\000r\000t\000u\000n\000i\000t\000i\000e\000s}{section.9}% 31
\BOOKMARK [1][-]{section.10}{\376\377\000C\000u\000s\000t\000o\000m\000e\000r\000\040\000L\000i\000f\000e\000t\000i\000m\000e\000\040\000V\000a\000l\000u\000e\000\040\000\050\000C\000L\000V\000\051\000\040\000A\000n\000a\000l\000y\000s\000i\000s}{}% 32
\BOOKMARK [2][-]{subsection.10.1}{\376\377\000C\000L\000V\000\040\000C\000a\000l\000c\000u\000l\000a\000t\000i\000o\000n}{section.10}% 33
\BOOKMARK [2][-]{subsection.10.2}{\376\377\000C\000L\000V\000\040\000I\000n\000f\000l\000u\000e\000n\000c\000i\000n\000g\000\040\000F\000a\000c\000t\000o\000r\000s}{section.10}% 34
\BOOKMARK [1][-]{section.11}{\376\377\000B\000a\000s\000k\000e\000t\000\040\000A\000n\000a\000l\000y\000s\000i\000s}{}% 35
\BOOKMARK [2][-]{subsection.11.1}{\376\377\000M\000a\000r\000k\000e\000t\000\040\000B\000a\000s\000k\000e\000t\000\040\000A\000n\000a\000l\000y\000s\000i\000s}{section.11}% 36
\BOOKMARK [2][-]{subsection.11.2}{\376\377\000P\000r\000o\000d\000u\000c\000t\000\040\000R\000e\000c\000o\000m\000m\000e\000n\000d\000a\000t\000i\000o\000n\000s}{section.11}% 37
\BOOKMARK [1][-]{section.12}{\376\377\000P\000r\000i\000c\000e\000\040\000S\000e\000n\000s\000i\000t\000i\000v\000i\000t\000y\000\040\000A\000n\000a\000l\000y\000s\000i\000s}{}% 38
\BOOKMARK [2][-]{subsection.12.1}{\376\377\000P\000r\000i\000c\000e\000\040\000v\000s\000.\000\040\000D\000e\000m\000a\000n\000d}{section.12}% 39
\BOOKMARK [2][-]{subsection.12.2}{\376\377\000P\000r\000i\000c\000e\000\040\000O\000p\000t\000i\000m\000i\000z\000a\000t\000i\000o\000n\000\040\000O\000p\000p\000o\000r\000t\000u\000n\000i\000t\000i\000e\000s}{section.12}% 40
\BOOKMARK [1][-]{section.13}{\376\377\000V\000i\000s\000u\000a\000l\000i\000z\000a\000t\000i\000o\000n\000\040\000a\000n\000d\000\040\000R\000e\000p\000o\000r\000t\000i\000n\000g}{}% 41
\BOOKMARK [1][-]{section.14}{\376\377\000A\000d\000v\000a\000n\000c\000e\000d\000\040\000A\000n\000a\000l\000y\000t\000i\000c\000s\000\040\000\050\000O\000p\000t\000i\000o\000n\000a\000l\000\051}{}% 42
\BOOKMARK [2][-]{subsection.14.1}{\376\377\000P\000r\000e\000d\000i\000c\000t\000i\000v\000e\000\040\000M\000o\000d\000e\000l\000i\000n\000g}{section.14}% 43
\BOOKMARK [2][-]{subsection.14.2}{\376\377\000C\000u\000s\000t\000o\000m\000e\000r\000\040\000S\000e\000g\000m\000e\000n\000t\000a\000t\000i\000o\000n\000\040\000v\000i\000a\000\040\000C\000l\000u\000s\000t\000e\000r\000i\000n\000g}{section.14}% 44
\BOOKMARK [1][-]{section.15}{\376\377\000A\000c\000t\000i\000o\000n\000\040\000P\000l\000a\000n\000\040\000a\000n\000d\000\040\000R\000e\000c\000o\000m\000m\000e\000n\000d\000a\000t\000i\000o\000n\000s}{}% 45
